<?xml version="1.0" encoding="UTF-8"?>
<beans xmlns="http://www.springframework.org/schema/beans"
	xmlns:xsi="http://www.w3.org/2001/XMLSchema-instance" xmlns:util="http://www.springframework.org/schema/util"
	xmlns:context="http://www.springframework.org/schema/context"
	xmlns:jdbc="http://www.springframework.org/schema/jdbc"
	xsi:schemaLocation="http://www.springframework.org/schema/beans
                           http://www.springframework.org/schema/beans/spring-beans-3.0.xsd
                           http://www.springframework.org/schema/util
                           http://www.springframework.org/schema/util/spring-util-3.0.xsd
                           http://www.springframework.org/schema/context
	                       http://www.springframework.org/schema/context/spring-context-3.0.xsd
	                       http://www.springframework.org/schema/jdbc
	                       http://www.springframework.org/schema/jdbc/spring-jdbc-3.0.xsd">

	<!-- <jdbc:embedded-database id="dataSource"> -->
	<!-- <jdbc:script location="classpath:test-data.sql" /> -->
	<!-- </jdbc:embedded-database> -->

	<jdbc:embedded-database id="dataSource" type="H2">
<!-- 		<jdbc:script location="classpath:test-data.sql" /> -->
	</jdbc:embedded-database>

	<bean id="entityManagerFactory"
		class="org.springframework.orm.jpa.LocalContainerEntityManagerFactoryBean">
		<property name="dataSource" ref="dataSource" />
		<property name="jpaVendorAdapter">
			<bean class="org.springframework.orm.jpa.vendor.OpenJpaVendorAdapter">
				<property name="database" value="H2" />
				<property name="generateDdl" value="true" />
				<property name="showSql" value="true" />
			</bean>
		</property>
		<!-- <property name="persistenceUnitName" value="diosmioPU" /> -->
		<property name="packagesToScan">
			<list>
				<value>net.alaux.diosmio.com.entity</value>
				<value>net.alaux.diosmio.com.entity.impl</value>
			</list>
		</property>
	</bean>

	<bean id="transactionManager" class="org.springframework.orm.jpa.JpaTransactionManager">
		<property name="entityManagerFactory" ref="entityManagerFactory" />
	</bean>

	<!-- provides a H2 console to look into the db if necessary -->
<!-- 	<bean id="org.h2.tools.Server-WebServer" class="org.h2.tools.Server" -->
<!-- 		factory-method="createWebServer" depends-on="dataSource" init-method="start" -->
<!-- 		lazy-init="false"> -->
<!-- 		<constructor-arg value="-web,-webPort,11111" /> -->
<!-- 	</bean> -->

</beans>